# JRE version: Java(TM) SE Runtime Environment (17.0.10+11) (build 17.0.10+11-LTS-240)
# Java VM: Java HotSpot(TM) 64-Bit Server VM (17.0.10+11-LTS-240, mixed mode, sharing, tiered, compressed oops, compressed class ptrs, g1 gc, windows-amd64)
GC Precious Log:
 CPUs: 8 total, 8 available
 Memory: 8070M
 Large Page Support: Disabled
 NUMA Support: Disabled
 Compressed Oops: Enabled (32-bit)
 Heap Region Size: 1M
 Heap Min Capacity: 8M
 Heap Initial Capacity: 128M
 Heap Max Capacity: 2018M
 Pre-touch: Disabled
 Parallel Workers: 8
 Concurrent Workers: 2
 Concurrent Refinement Workers: 8
 Periodic GC: Disabled
Heap:
 garbage-first heap   total 482304K, used 226663K [0x0000000081e00000, 0x0000000100000000)
  region size 1024K, 21 young (21504K), 6 survivors (6144K)
 Metaspace       used 25787K, committed 26112K, reserved 1114112K
  class space    used 3383K, committed 3520K, reserved 1048576K
GC Heap History (20 events):
Event: 2.091 GC heap before
{Heap before GC invocations=8 (full 0):
 garbage-first heap   total 131072K, used 75220K [0x0000000081e00000, 0x0000000100000000)
  region size 1024K, 3 young (3072K), 2 survivors (2048K)
 Metaspace       used 17809K, committed 17984K, reserved 1114112K
  class space    used 2146K, committed 2240K, reserved 1048576K
}
Event: 2.093 GC heap after
{Heap after GC invocations=9 (full 0):
 garbage-first heap   total 162816K, used 75244K [0x0000000081e00000, 0x0000000100000000)
  region size 1024K, 2 young (2048K), 2 survivors (2048K)
 Metaspace       used 17809K, committed 17984K, reserved 1114112K
  class space    used 2146K, committed 2240K, reserved 1048576K
}
Event: 2.173 GC heap before
{Heap before GC invocations=10 (full 0):
 garbage-first heap   total 162816K, used 81388K [0x0000000081e00000, 0x0000000100000000)
  region size 1024K, 5 young (5120K), 2 survivors (2048K)
 Metaspace       used 18255K, committed 18496K, reserved 1114112K
  class space    used 2187K, committed 2304K, reserved 1048576K
}
Event: 2.175 GC heap after
{Heap after GC invocations=11 (full 0):
 garbage-first heap   total 162816K, used 79925K [0x0000000081e00000, 0x0000000100000000)
  region size 1024K, 2 young (2048K), 2 survivors (2048K)
 Metaspace       used 18255K, committed 18496K, reserved 1114112K
  class space    used 2187K, committed 2304K, reserved 1048576K
}
Event: 2.188 GC heap before
{Heap before GC invocations=12 (full 0):
 garbage-first heap   total 162816K, used 84021K [0x0000000081e00000, 0x0000000100000000)
  region size 1024K, 3 young (3072K), 2 survivors (2048K)
 Metaspace       used 18258K, committed 18496K, reserved 1114112K
  class space    used 2187K, committed 2304K, reserved 1048576K
}
Event: 2.190 GC heap after
{Heap after GC invocations=13 (full 0):
 garbage-first heap   total 162816K, used 84139K [0x0000000081e00000, 0x0000000100000000)
  region size 1024K, 3 young (3072K), 3 survivors (3072K)
 Metaspace       used 18258K, committed 18496K, reserved 1114112K
  class space    used 2187K, committed 2304K, reserved 1048576K
}
Event: 2.205 GC heap before
{Heap before GC invocations=14 (full 0):
 garbage-first heap   total 162816K, used 88235K [0x0000000081e00000, 0x0000000100000000)
  region size 1024K, 4 young (4096K), 3 survivors (3072K)
 Metaspace       used 18265K, committed 18560K, reserved 1114112K
  class space    used 2188K, committed 2304K, reserved 1048576K
}
Event: 2.207 GC heap after
{Heap after GC invocations=15 (full 0):
 garbage-first heap   total 162816K, used 88117K [0x0000000081e00000, 0x0000000100000000)
  region size 1024K, 2 young (2048K), 2 survivors (2048K)
 Metaspace       used 18265K, committed 18560K, reserved 1114112K
  class space    used 2188K, committed 2304K, reserved 1048576K
}
Event: 2.222 GC heap before
{Heap before GC invocations=16 (full 0):
 garbage-first heap   total 162816K, used 92213K [0x0000000081e00000, 0x0000000100000000)
  region size 1024K, 3 young (3072K), 2 survivors (2048K)
 Metaspace       used 18270K, committed 18560K, reserved 1114112K
  class space    used 2188K, committed 2304K, reserved 1048576K
}
Event: 2.224 GC heap after
{Heap after GC invocations=17 (full 0):
 garbage-first heap   total 221184K, used 90293K [0x0000000081e00000, 0x0000000100000000)
  region size 1024K, 3 young (3072K), 3 survivors (3072K)
 Metaspace       used 18270K, committed 18560K, reserved 1114112K
  class space    used 2188K, committed 2304K, reserved 1048576K
}
Event: 3.882 GC heap before
{Heap before GC invocations=17 (full 0):
 garbage-first heap   total 221184K, used 130229K [0x0000000081e00000, 0x0000000100000000)
  region size 1024K, 33 young (33792K), 3 survivors (3072K)
 Metaspace       used 24497K, committed 24768K, reserved 1114112K
  class space    used 3239K, committed 3392K, reserved 1048576K
}
Event: 3.887 GC heap after
{Heap after GC invocations=18 (full 0):
 garbage-first heap   total 221184K, used 101332K [0x0000000081e00000, 0x0000000100000000)
  region size 1024K, 5 young (5120K), 5 survivors (5120K)
 Metaspace       used 24497K, committed 24768K, reserved 1114112K
  class space    used 3239K, committed 3392K, reserved 1048576K
}
Event: 3.904 GC heap before
{Heap before GC invocations=18 (full 0):
 garbage-first heap   total 221184K, used 104404K [0x0000000081e00000, 0x0000000100000000)
  region size 1024K, 7 young (7168K), 5 survivors (5120K)
 Metaspace       used 24562K, committed 24896K, reserved 1114112K
  class space    used 3249K, committed 3392K, reserved 1048576K
}
Event: 3.907 GC heap after
{Heap after GC invocations=19 (full 0):
 garbage-first heap   total 221184K, used 103734K [0x0000000081e00000, 0x0000000100000000)
  region size 1024K, 6 young (6144K), 6 survivors (6144K)
 Metaspace       used 24562K, committed 24896K, reserved 1114112K
  class space    used 3249K, committed 3392K, reserved 1048576K
}
Event: 3.916 GC heap before
{Heap before GC invocations=19 (full 0):
 garbage-first heap   total 221184K, used 105782K [0x0000000081e00000, 0x0000000100000000)
  region size 1024K, 7 young (7168K), 6 survivors (6144K)
 Metaspace       used 24607K, committed 24896K, reserved 1114112K
  class space    used 3254K, committed 3392K, reserved 1048576K
}
Event: 3.920 GC heap after
{Heap after GC invocations=20 (full 0):
 garbage-first heap   total 221184K, used 105525K [0x0000000081e00000, 0x0000000100000000)
  region size 1024K, 5 young (5120K), 5 survivors (5120K)
 Metaspace       used 24607K, committed 24896K, reserved 1114112K
  class space    used 3254K, committed 3392K, reserved 1048576K
}
Event: 3.936 GC heap before
{Heap before GC invocations=21 (full 0):
 garbage-first heap   total 221184K, used 109621K [0x0000000081e00000, 0x0000000100000000)
  region size 1024K, 6 young (6144K), 5 survivors (5120K)
 Metaspace       used 24625K, committed 24896K, reserved 1114112K
  class space    used 3254K, committed 3392K, reserved 1048576K
}
Event: 3.940 GC heap after
{Heap after GC invocations=22 (full 0):
 garbage-first heap   total 221184K, used 109904K [0x0000000081e00000, 0x0000000100000000)
  region size 1024K, 6 young (6144K), 6 survivors (6144K)
 Metaspace       used 24625K, committed 24896K, reserved 1114112K
  class space    used 3254K, committed 3392K, reserved 1048576K
}
Event: 3.958 GC heap before
{Heap before GC invocations=23 (full 0):
 garbage-first heap   total 221184K, used 114000K [0x0000000081e00000, 0x0000000100000000)
  region size 1024K, 7 young (7168K), 6 survivors (6144K)
 Metaspace       used 24638K, committed 24896K, reserved 1114112K
  class space    used 3254K, committed 3392K, reserved 1048576K
}
Event: 3.963 GC heap after
{Heap after GC invocations=24 (full 0):
 garbage-first heap   total 482304K, used 114023K [0x0000000081e00000, 0x0000000100000000)
  region size 1024K, 6 young (6144K), 6 survivors (6144K)
 Metaspace       used 24638K, committed 24896K, reserved 1114112K
  class space    used 3254K, committed 3392K, reserved 1048576K
}

