# JRE version: OpenJDK Runtime Environment JBR-17.0.9+8-1166.2-nomod (17.0.9+8) (build 17.0.9+8-b1166.2)
# Java VM: OpenJDK 64-Bit Server VM JBR-17.0.9+8-1166.2-nomod (17.0.9+8-b1166.2, mixed mode, tiered, compressed oops, compressed class ptrs, g1 gc, windows-amd64)
GC Precious Log:
 CPUs: 8 total, 8 available
 Memory: 8070M
 Large Page Support: Disabled
 NUMA Support: Disabled
 Compressed Oops: Enabled (32-bit)
 Heap Region Size: 1M
 Heap Min Capacity: 8M
 Heap Initial Capacity: 128M
 Heap Max Capacity: 2018M
 Pre-touch: Disabled
 Parallel Workers: 8
 Concurrent Workers: 2
 Concurrent Refinement Workers: 8
 Periodic GC: Disabled
Heap:
 garbage-first heap   total 357376K, used 342914K [0x0000000081e00000, 0x0000000100000000)
  region size 1024K, 3 young (3072K), 2 survivors (2048K)
 Metaspace       used 38783K, committed 39104K, reserved 1114112K
  class space    used 4990K, committed 5120K, reserved 1048576K
GC Heap History (20 events):
Event: 42.767 GC heap before
{Heap before GC invocations=15 (full 0):
 garbage-first heap   total 146432K, used 75083K [0x0000000081e00000, 0x0000000100000000)
  region size 1024K, 5 young (5120K), 3 survivors (3072K)
 Metaspace       used 37716K, committed 38016K, reserved 1114112K
  class space    used 4927K, committed 5056K, reserved 1048576K
}
Event: 42.770 GC heap after
{Heap after GC invocations=16 (full 0):
 garbage-first heap   total 146432K, used 74410K [0x0000000081e00000, 0x0000000100000000)
  region size 1024K, 4 young (4096K), 4 survivors (4096K)
 Metaspace       used 37716K, committed 38016K, reserved 1114112K
  class space    used 4927K, committed 5056K, reserved 1048576K
}
Event: 42.805 GC heap before
{Heap before GC invocations=17 (full 0):
 garbage-first heap   total 147456K, used 84650K [0x0000000081e00000, 0x0000000100000000)
  region size 1024K, 5 young (5120K), 4 survivors (4096K)
 Metaspace       used 37721K, committed 38016K, reserved 1114112K
  class space    used 4927K, committed 5056K, reserved 1048576K
}
Event: 42.808 GC heap after
{Heap after GC invocations=18 (full 0):
 garbage-first heap   total 147456K, used 84937K [0x0000000081e00000, 0x0000000100000000)
  region size 1024K, 1 young (1024K), 1 survivors (1024K)
 Metaspace       used 37721K, committed 38016K, reserved 1114112K
  class space    used 4927K, committed 5056K, reserved 1048576K
}
Event: 42.830 GC heap before
{Heap before GC invocations=19 (full 0):
 garbage-first heap   total 173056K, used 101321K [0x0000000081e00000, 0x0000000100000000)
  region size 1024K, 2 young (2048K), 1 survivors (1024K)
 Metaspace       used 37721K, committed 38016K, reserved 1114112K
  class space    used 4927K, committed 5056K, reserved 1048576K
}
Event: 42.832 GC heap after
{Heap after GC invocations=20 (full 0):
 garbage-first heap   total 207872K, used 99304K [0x0000000081e00000, 0x0000000100000000)
  region size 1024K, 1 young (1024K), 1 survivors (1024K)
 Metaspace       used 37721K, committed 38016K, reserved 1114112K
  class space    used 4927K, committed 5056K, reserved 1048576K
}
Event: 43.119 GC heap before
{Heap before GC invocations=21 (full 0):
 garbage-first heap   total 207872K, used 201704K [0x0000000081e00000, 0x0000000100000000)
  region size 1024K, 5 young (5120K), 1 survivors (1024K)
 Metaspace       used 37796K, committed 38080K, reserved 1114112K
  class space    used 4931K, committed 5056K, reserved 1048576K
}
Event: 43.120 GC heap after
{Heap after GC invocations=22 (full 0):
 garbage-first heap   total 207872K, used 191339K [0x0000000081e00000, 0x0000000100000000)
  region size 1024K, 1 young (1024K), 1 survivors (1024K)
 Metaspace       used 37796K, committed 38080K, reserved 1114112K
  class space    used 4931K, committed 5056K, reserved 1048576K
}
Event: 43.158 GC heap before
{Heap before GC invocations=22 (full 0):
 garbage-first heap   total 207872K, used 203627K [0x0000000081e00000, 0x0000000100000000)
  region size 1024K, 2 young (2048K), 1 survivors (1024K)
 Metaspace       used 37826K, committed 38080K, reserved 1114112K
  class space    used 4932K, committed 5056K, reserved 1048576K
}
Event: 43.159 GC heap after
{Heap after GC invocations=23 (full 0):
 garbage-first heap   total 207872K, used 203518K [0x0000000081e00000, 0x0000000100000000)
  region size 1024K, 1 young (1024K), 1 survivors (1024K)
 Metaspace       used 37826K, committed 38080K, reserved 1114112K
  class space    used 4932K, committed 5056K, reserved 1048576K
}
Event: 43.188 GC heap before
{Heap before GC invocations=23 (full 0):
 garbage-first heap   total 207872K, used 205566K [0x0000000081e00000, 0x0000000100000000)
  region size 1024K, 2 young (2048K), 1 survivors (1024K)
 Metaspace       used 37936K, committed 38272K, reserved 1114112K
  class space    used 4944K, committed 5120K, reserved 1048576K
}
Event: 43.190 GC heap after
{Heap after GC invocations=24 (full 0):
 garbage-first heap   total 207872K, used 203725K [0x0000000081e00000, 0x0000000100000000)
  region size 1024K, 1 young (1024K), 1 survivors (1024K)
 Metaspace       used 37936K, committed 38272K, reserved 1114112K
  class space    used 4944K, committed 5120K, reserved 1048576K
}
Event: 43.226 GC heap before
{Heap before GC invocations=25 (full 0):
 garbage-first heap   total 353280K, used 210893K [0x0000000081e00000, 0x0000000100000000)
  region size 1024K, 2 young (2048K), 1 survivors (1024K)
 Metaspace       used 37945K, committed 38272K, reserved 1114112K
  class space    used 4944K, committed 5120K, reserved 1048576K
}
Event: 43.228 GC heap after
{Heap after GC invocations=26 (full 0):
 garbage-first heap   total 353280K, used 210871K [0x0000000081e00000, 0x0000000100000000)
  region size 1024K, 1 young (1024K), 1 survivors (1024K)
 Metaspace       used 37945K, committed 38272K, reserved 1114112K
  class space    used 4944K, committed 5120K, reserved 1048576K
}
Event: 47.881 GC heap before
{Heap before GC invocations=27 (full 0):
 garbage-first heap   total 357376K, used 222135K [0x0000000081e00000, 0x0000000100000000)
  region size 1024K, 11 young (11264K), 1 survivors (1024K)
 Metaspace       used 38382K, committed 38656K, reserved 1114112K
  class space    used 4978K, committed 5120K, reserved 1048576K
}
Event: 47.883 GC heap after
{Heap after GC invocations=28 (full 0):
 garbage-first heap   total 357376K, used 207825K [0x0000000081e00000, 0x0000000100000000)
  region size 1024K, 3 young (3072K), 3 survivors (3072K)
 Metaspace       used 38382K, committed 38656K, reserved 1114112K
  class space    used 4978K, committed 5120K, reserved 1048576K
}
Event: 52.300 GC heap before
{Heap before GC invocations=29 (full 0):
 garbage-first heap   total 357376K, used 349137K [0x0000000081e00000, 0x0000000100000000)
  region size 1024K, 15 young (15360K), 3 survivors (3072K)
 Metaspace       used 38569K, committed 38848K, reserved 1114112K
  class space    used 4989K, committed 5120K, reserved 1048576K
}
Event: 52.305 GC heap after
{Heap after GC invocations=30 (full 0):
 garbage-first heap   total 357376K, used 330080K [0x0000000081e00000, 0x0000000100000000)
  region size 1024K, 5 young (5120K), 5 survivors (5120K)
 Metaspace       used 38569K, committed 38848K, reserved 1114112K
  class space    used 4989K, committed 5120K, reserved 1048576K
}
Event: 52.372 GC heap before
{Heap before GC invocations=30 (full 0):
 garbage-first heap   total 357376K, used 349536K [0x0000000081e00000, 0x0000000100000000)
  region size 1024K, 6 young (6144K), 5 survivors (5120K)
 Metaspace       used 38608K, committed 38912K, reserved 1114112K
  class space    used 4990K, committed 5120K, reserved 1048576K
}
Event: 52.375 GC heap after
{Heap after GC invocations=31 (full 0):
 garbage-first heap   total 357376K, used 346973K [0x0000000081e00000, 0x0000000100000000)
  region size 1024K, 1 young (1024K), 1 survivors (1024K)
 Metaspace       used 38608K, committed 38912K, reserved 1114112K
  class space    used 4990K, committed 5120K, reserved 1048576K
}

