# JRE version: OpenJDK Runtime Environment JBR-17.0.9+8-1166.2-nomod (17.0.9+8) (build 17.0.9+8-b1166.2)
# Java VM: OpenJDK 64-Bit Server VM JBR-17.0.9+8-1166.2-nomod (17.0.9+8-b1166.2, mixed mode, tiered, compressed oops, compressed class ptrs, g1 gc, windows-amd64)
GC Precious Log:
 CPUs: 8 total, 8 available
 Memory: 8070M
 Large Page Support: Disabled
 NUMA Support: Disabled
 Compressed Oops: Enabled (32-bit)
 Heap Region Size: 1M
 Heap Min Capacity: 8M
 Heap Initial Capacity: 128M
 Heap Max Capacity: 2018M
 Pre-touch: Disabled
 Parallel Workers: 8
 Concurrent Workers: 2
 Concurrent Refinement Workers: 8
 Periodic GC: Disabled
Heap:
 garbage-first heap   total 637952K, used 184853K [0x0000000081e00000, 0x0000000100000000)
  region size 1024K, 10 young (10240K), 1 survivors (1024K)
 Metaspace       used 37398K, committed 37696K, reserved 1114112K
  class space    used 4827K, committed 4928K, reserved 1048576K
GC Heap History (20 events):
Event: 39.286 GC heap before
{Heap before GC invocations=5 (full 0):
 garbage-first heap   total 109568K, used 69286K [0x0000000081e00000, 0x0000000100000000)
  region size 1024K, 7 young (7168K), 6 survivors (6144K)
 Metaspace       used 35112K, committed 35328K, reserved 1114112K
  class space    used 4492K, committed 4608K, reserved 1048576K
}
Event: 39.289 GC heap after
{Heap after GC invocations=6 (full 0):
 garbage-first heap   total 109568K, used 68812K [0x0000000081e00000, 0x0000000100000000)
  region size 1024K, 1 young (1024K), 1 survivors (1024K)
 Metaspace       used 35112K, committed 35328K, reserved 1114112K
  class space    used 4492K, committed 4608K, reserved 1048576K
}
Event: 39.420 GC heap before
{Heap before GC invocations=6 (full 0):
 garbage-first heap   total 109568K, used 73932K [0x0000000081e00000, 0x0000000100000000)
  region size 1024K, 7 young (7168K), 1 survivors (1024K)
 Metaspace       used 35871K, committed 36096K, reserved 1114112K
  class space    used 4651K, committed 4736K, reserved 1048576K
}
Event: 39.422 GC heap after
{Heap after GC invocations=7 (full 0):
 garbage-first heap   total 109568K, used 69066K [0x0000000081e00000, 0x0000000100000000)
  region size 1024K, 1 young (1024K), 1 survivors (1024K)
 Metaspace       used 35871K, committed 36096K, reserved 1114112K
  class space    used 4651K, committed 4736K, reserved 1048576K
}
Event: 43.402 GC heap before
{Heap before GC invocations=8 (full 0):
 garbage-first heap   total 117760K, used 76234K [0x0000000081e00000, 0x0000000100000000)
  region size 1024K, 9 young (9216K), 1 survivors (1024K)
 Metaspace       used 37021K, committed 37248K, reserved 1114112K
  class space    used 4822K, committed 4928K, reserved 1048576K
}
Event: 43.404 GC heap after
{Heap after GC invocations=9 (full 0):
 garbage-first heap   total 117760K, used 70400K [0x0000000081e00000, 0x0000000100000000)
  region size 1024K, 3 young (3072K), 3 survivors (3072K)
 Metaspace       used 37021K, committed 37248K, reserved 1114112K
  class space    used 4822K, committed 4928K, reserved 1048576K
}
Event: 43.558 GC heap before
{Heap before GC invocations=10 (full 0):
 garbage-first heap   total 117760K, used 112384K [0x0000000081e00000, 0x0000000100000000)
  region size 1024K, 5 young (5120K), 3 survivors (3072K)
 Metaspace       used 37144K, committed 37440K, reserved 1114112K
  class space    used 4823K, committed 4928K, reserved 1048576K
}
Event: 43.560 GC heap after
{Heap after GC invocations=11 (full 0):
 garbage-first heap   total 117760K, used 111458K [0x0000000081e00000, 0x0000000100000000)
  region size 1024K, 2 young (2048K), 2 survivors (2048K)
 Metaspace       used 37144K, committed 37440K, reserved 1114112K
  class space    used 4823K, committed 4928K, reserved 1048576K
}
Event: 43.561 GC heap before
{Heap before GC invocations=11 (full 0):
 garbage-first heap   total 117760K, used 113506K [0x0000000081e00000, 0x0000000100000000)
  region size 1024K, 2 young (2048K), 2 survivors (2048K)
 Metaspace       used 37144K, committed 37440K, reserved 1114112K
  class space    used 4823K, committed 4928K, reserved 1048576K
}
Event: 43.563 GC heap after
{Heap after GC invocations=12 (full 0):
 garbage-first heap   total 167936K, used 112950K [0x0000000081e00000, 0x0000000100000000)
  region size 1024K, 1 young (1024K), 1 survivors (1024K)
 Metaspace       used 37144K, committed 37440K, reserved 1114112K
  class space    used 4823K, committed 4928K, reserved 1048576K
}
Event: 43.567 GC heap before
{Heap before GC invocations=12 (full 0):
 garbage-first heap   total 167936K, used 112950K [0x0000000081e00000, 0x0000000100000000)
  region size 1024K, 2 young (2048K), 1 survivors (1024K)
 Metaspace       used 37144K, committed 37440K, reserved 1114112K
  class space    used 4823K, committed 4928K, reserved 1048576K
}
Event: 43.569 GC heap after
{Heap after GC invocations=13 (full 0):
 garbage-first heap   total 167936K, used 112944K [0x0000000081e00000, 0x0000000100000000)
  region size 1024K, 1 young (1024K), 1 survivors (1024K)
 Metaspace       used 37144K, committed 37440K, reserved 1114112K
  class space    used 4823K, committed 4928K, reserved 1048576K
}
Event: 43.591 GC heap before
{Heap before GC invocations=14 (full 0):
 garbage-first heap   total 198656K, used 119088K [0x0000000081e00000, 0x0000000100000000)
  region size 1024K, 2 young (2048K), 1 survivors (1024K)
 Metaspace       used 37145K, committed 37440K, reserved 1114112K
  class space    used 4823K, committed 4928K, reserved 1048576K
}
Event: 43.593 GC heap after
{Heap after GC invocations=15 (full 0):
 garbage-first heap   total 198656K, used 119057K [0x0000000081e00000, 0x0000000100000000)
  region size 1024K, 1 young (1024K), 1 survivors (1024K)
 Metaspace       used 37145K, committed 37440K, reserved 1114112K
  class space    used 4823K, committed 4928K, reserved 1048576K
}
Event: 43.650 GC heap before
{Heap before GC invocations=16 (full 0):
 garbage-first heap   total 211968K, used 127249K [0x0000000081e00000, 0x0000000100000000)
  region size 1024K, 2 young (2048K), 1 survivors (1024K)
 Metaspace       used 37220K, committed 37440K, reserved 1114112K
  class space    used 4826K, committed 4928K, reserved 1048576K
}
Event: 43.652 GC heap after
{Heap after GC invocations=17 (full 0):
 garbage-first heap   total 211968K, used 127460K [0x0000000081e00000, 0x0000000100000000)
  region size 1024K, 1 young (1024K), 1 survivors (1024K)
 Metaspace       used 37220K, committed 37440K, reserved 1114112K
  class space    used 4826K, committed 4928K, reserved 1048576K
}
Event: 43.678 GC heap before
{Heap before GC invocations=18 (full 0):
 garbage-first heap   total 225280K, used 135652K [0x0000000081e00000, 0x0000000100000000)
  region size 1024K, 2 young (2048K), 1 survivors (1024K)
 Metaspace       used 37229K, committed 37440K, reserved 1114112K
  class space    used 4826K, committed 4928K, reserved 1048576K
}
Event: 43.680 GC heap after
{Heap after GC invocations=19 (full 0):
 garbage-first heap   total 225280K, used 135675K [0x0000000081e00000, 0x0000000100000000)
  region size 1024K, 1 young (1024K), 1 survivors (1024K)
 Metaspace       used 37229K, committed 37440K, reserved 1114112K
  class space    used 4826K, committed 4928K, reserved 1048576K
}
Event: 43.713 GC heap before
{Heap before GC invocations=20 (full 0):
 garbage-first heap   total 239616K, used 145915K [0x0000000081e00000, 0x0000000100000000)
  region size 1024K, 2 young (2048K), 1 survivors (1024K)
 Metaspace       used 37237K, committed 37504K, reserved 1114112K
  class space    used 4826K, committed 4928K, reserved 1048576K
}
Event: 43.717 GC heap after
{Heap after GC invocations=21 (full 0):
 garbage-first heap   total 637952K, used 143893K [0x0000000081e00000, 0x0000000100000000)
  region size 1024K, 1 young (1024K), 1 survivors (1024K)
 Metaspace       used 37237K, committed 37504K, reserved 1114112K
  class space    used 4826K, committed 4928K, reserved 1048576K
}

